<?xml version="1.0" encoding="UTF-8"?>
<!-- Generated by org.testng.reporters.JUnitReportReporter -->
<testsuite hostname="dineshkila" failures="0" tests="1" name="com.parabank.testcases.RegisterPageTest" time="27.204" errors="0" timestamp="30 Dec 2022 06:40:43 GMT" skipped="0">
  <testcase classname="com.parabank.testcases.RegisterPageTest" name="RegisterTest" time="27.204"/>
</testsuite> <!-- com.parabank.testcases.RegisterPageTest -->
